#
# There is insufficient memory for the Java Runtime Environment to continue.
# Native memory allocation (malloc) failed to allocate 1154416 bytes for Chunk::new
# Possible reasons:
#   The system is out of physical RAM or swap space
#   The process is running with CompressedOops enabled, and the Java Heap may be blocking the growth of the native heap
# Possible solutions:
#   Reduce memory load on the system
#   Increase physical memory or swap space
#   Check if swap backing store is full
#   Decrease Java heap size (-Xmx/-Xms)
#   Decrease number of Java threads
#   Decrease Java thread stack sizes (-Xss)
#   Set larger code cache with -XX:ReservedCodeCacheSize=
#   JVM is running with Unscaled Compressed Oops mode in which the Java heap is
#     placed in the first 4GB address space. The Java Heap base address is the
#     maximum limit for the native heap growth. Please use -XX:HeapBaseMinAddress
#     to set the Java Heap base and to place the Java Heap above 4GB virtual address.
# This output file may be truncated or incomplete.
#
#  Out of Memory Error (./src/hotspot/share/memory/arena.cpp:197), pid=45328, tid=48168
#
# JRE version: OpenJDK Runtime Environment (11.0.10) (build 11.0.10+0-b96-7249189)
# Java VM: OpenJDK 64-Bit Server VM (11.0.10+0-b96-7249189, mixed mode, tiered, compressed oops, g1 gc, windows-amd64)
# No core dump will be written. Minidumps are not enabled by default on client versions of Windows
#

---------------  S U M M A R Y ------------

Command Line: --add-opens=java.base/java.util=ALL-UNNAMED --add-opens=java.base/java.lang=ALL-UNNAMED --add-opens=java.base/java.lang.invoke=ALL-UNNAMED --add-opens=java.base/java.util=ALL-UNNAMED --add-opens=java.prefs/java.util.prefs=ALL-UNNAMED --add-opens=java.prefs/java.util.prefs=ALL-UNNAMED --add-opens=java.base/java.nio.charset=ALL-UNNAMED --add-opens=java.base/java.net=ALL-UNNAMED --add-opens=java.base/java.util.concurrent.atomic=ALL-UNNAMED -Xmx2048m -Dfile.encoding=UTF-8 -Duser.country=CA -Duser.language=en -Duser.variant org.gradle.launcher.daemon.bootstrap.GradleDaemon 7.0.2

Host: Intel(R) Core(TM) i5-8300H CPU @ 2.30GHz, 8 cores, 11G,  Windows 10 , 64 bit Build 19041 (10.0.19041.1202)
Time: Thu Nov  4 15:34:09 2021 Eastern Daylight Time elapsed time: 51.990088 seconds (0d 0h 0m 51s)

---------------  T H R E A D  ---------------

Current thread (0x000002c99b421800):  JavaThread "C2 CompilerThread0" daemon [_thread_in_native, id=48168, stack(0x000000d774b00000,0x000000d774c00000)]


Current CompileTask:
C2:  51990 12223       4       java.lang.reflect.Method::invoke (65 bytes)

Stack: [0x000000d774b00000,0x000000d774c00000]
Native frames: (J=compiled Java code, j=interpreted, Vv=VM code, C=native code)
V  [jvm.dll+0x5ecfaa]
V  [jvm.dll+0x722bd5]
V  [jvm.dll+0x72412d]
V  [jvm.dll+0x7247e3]
V  [jvm.dll+0x242928]
V  [jvm.dll+0xbc4fc]
V  [jvm.dll+0xbca0c]
V  [jvm.dll+0x352d3b]
V  [jvm.dll+0x197e0c]
V  [jvm.dll+0x1fb70e]
V  [jvm.dll+0x1fa7f4]
V  [jvm.dll+0x18354c]
V  [jvm.dll+0x208ee7]
V  [jvm.dll+0x207731]
V  [jvm.dll+0x6eb1cf]
V  [jvm.dll+0x6e3d45]
V  [jvm.dll+0x5ebe96]
C  [ucrtbase.dll+0x21bb2]
C  [KERNEL32.DLL+0x17034]
C  [ntdll.dll+0x52651]


---------------  P R O C E S S  ---------------

Threads class SMR info:
_java_thread_list=0x000002c99ecd2c60, length=67, elements={
0x000002c9fbccc000, 0x000002c99abac800, 0x000002c99abb8800, 0x000002c99b414800,
0x000002c99b417000, 0x000002c99b419800, 0x000002c99b421800, 0x000002c99b423800,
0x000002c99b425000, 0x000002c99b585000, 0x000002c99c744800, 0x000002c99cdd3800,
0x000002c99ecde800, 0x000002c99cc2f800, 0x000002c99cc30800, 0x000002c99eb26800,
0x000002c99d022800, 0x000002c99e025800, 0x000002c99e026800, 0x000002c99d583000,
0x000002c99d584800, 0x000002c99d584000, 0x000002c99d581800, 0x000002c99d585800,
0x000002c99d586000, 0x000002c99d580800, 0x000002c99d582000, 0x000002c99d587000,
0x000002c99ea7f000, 0x000002c99ea82800, 0x000002c99ea80800, 0x000002c99ea81800,
0x000002c99ea7e800, 0x000002c99ea85000, 0x000002c99ea85800, 0x000002c99ea89000,
0x000002c99ea86800, 0x000002c99ea87800, 0x000002c99ea83000, 0x000002c99ea89800,
0x000002c99ea88000, 0x000002c99ea8a800, 0x000002c99ea8b800, 0x000002c99ea8c000,
0x000002c99ea8d000, 0x000002c9a13da800, 0x000002c9a13dd000, 0x000002c9a13de800,
0x000002c9a13df800, 0x000002c9a13dc000, 0x000002c9a13dd800, 0x000002c9a13e0000,
0x000002c9a13e1000, 0x000002c9a13db000, 0x000002c9a13e4000, 0x000002c9a13e5000,
0x000002c9a13e2000, 0x000002c9a13e6000, 0x000002c9a13e2800, 0x000002c9a13e6800,
0x000002c9a13e3800, 0x000002c9a13e7800, 0x000002c9a13e8800, 0x000002c9a13e9000,
0x000002c9a1364000, 0x000002c9a1365000, 0x000002c9a1363000
}

Java Threads: ( => current thread )
  0x000002c9fbccc000 JavaThread "main" [_thread_blocked, id=12384, stack(0x000000d773f00000,0x000000d774000000)]
  0x000002c99abac800 JavaThread "Reference Handler" daemon [_thread_blocked, id=8056, stack(0x000000d774600000,0x000000d774700000)]
  0x000002c99abb8800 JavaThread "Finalizer" daemon [_thread_blocked, id=30684, stack(0x000000d774700000,0x000000d774800000)]
  0x000002c99b414800 JavaThread "Signal Dispatcher" daemon [_thread_blocked, id=33348, stack(0x000000d774800000,0x000000d774900000)]
  0x000002c99b417000 JavaThread "Attach Listener" daemon [_thread_blocked, id=25612, stack(0x000000d774900000,0x000000d774a00000)]
  0x000002c99b419800 JavaThread "Service Thread" daemon [_thread_blocked, id=25108, stack(0x000000d774a00000,0x000000d774b00000)]
=>0x000002c99b421800 JavaThread "C2 CompilerThread0" daemon [_thread_in_native, id=48168, stack(0x000000d774b00000,0x000000d774c00000)]
  0x000002c99b423800 JavaThread "C1 CompilerThread0" daemon [_thread_blocked, id=37988, stack(0x000000d774c00000,0x000000d774d00000)]
  0x000002c99b425000 JavaThread "Sweeper thread" daemon [_thread_blocked, id=51988, stack(0x000000d774d00000,0x000000d774e00000)]
  0x000002c99b585000 JavaThread "Common-Cleaner" daemon [_thread_blocked, id=47500, stack(0x000000d774e00000,0x000000d774f00000)]
  0x000002c99c744800 JavaThread "Daemon health stats" [_thread_blocked, id=34468, stack(0x000000d775400000,0x000000d775500000)]
  0x000002c99cdd3800 JavaThread "Incoming local TCP Connector on port 59062" [_thread_in_native, id=49048, stack(0x000000d775000000,0x000000d775100000)]
  0x000002c99ecde800 JavaThread "Daemon periodic checks" [_thread_blocked, id=42660, stack(0x000000d775500000,0x000000d775600000)]
  0x000002c99cc2f800 JavaThread "Daemon" [_thread_blocked, id=21100, stack(0x000000d775600000,0x000000d775700000)]
  0x000002c99cc30800 JavaThread "Handler for socket connection from /127.0.0.1:59062 to /127.0.0.1:59063" [_thread_in_native, id=40924, stack(0x000000d775700000,0x000000d775800000)]
  0x000002c99eb26800 JavaThread "Cancel handler" [_thread_blocked, id=38860, stack(0x000000d775800000,0x000000d775900000)]
  0x000002c99d022800 JavaThread "Daemon worker" [_thread_blocked, id=41640, stack(0x000000d775900000,0x000000d775a00000)]
  0x000002c99e025800 JavaThread "Asynchronous log dispatcher for DefaultDaemonConnection: socket connection from /127.0.0.1:59062 to /127.0.0.1:59063" [_thread_blocked, id=3848, stack(0x000000d775a00000,0x000000d775b00000)]
  0x000002c99e026800 JavaThread "Stdin handler" [_thread_blocked, id=38644, stack(0x000000d775b00000,0x000000d775c00000)]
  0x000002c99d583000 JavaThread "Daemon client event forwarder" [_thread_blocked, id=54852, stack(0x000000d775c00000,0x000000d775d00000)]
  0x000002c99d584800 JavaThread "Cache worker for file hash cache (C:\Users\Jordan2\.gradle\caches\7.0.2\fileHashes)" [_thread_blocked, id=22060, stack(0x000000d775d00000,0x000000d775e00000)]
  0x000002c99d584000 JavaThread "File lock request listener" [_thread_in_native, id=18512, stack(0x000000d775e00000,0x000000d775f00000)]
  0x000002c99d581800 JavaThread "Cache worker for journal cache (C:\Users\Jordan2\.gradle\caches\journal-1)" [_thread_blocked, id=51920, stack(0x000000d776400000,0x000000d776500000)]
  0x000002c99d585800 JavaThread "Cache worker for file hash cache (C:\Users\Jordan2\AndroidStudioProjects\Lab4\.gradle\7.0.2\fileHashes)" [_thread_blocked, id=52052, stack(0x000000d776600000,0x000000d776700000)]
  0x000002c99d586000 JavaThread "File watcher server" daemon [_thread_in_native, id=45148, stack(0x000000d776700000,0x000000d776800000)]
  0x000002c99d580800 JavaThread "File watcher consumer" daemon [_thread_blocked, id=29124, stack(0x000000d776800000,0x000000d776900000)]
  0x000002c99d582000 JavaThread "Cache worker for checksums cache (C:\Users\Jordan2\AndroidStudioProjects\Lab4\.gradle\checksums)" [_thread_blocked, id=45348, stack(0x000000d776500000,0x000000d776600000)]
  0x000002c99d587000 JavaThread "Cache worker for cache directory md-supplier (C:\Users\Jordan2\.gradle\caches\7.0.2\md-supplier)" [_thread_blocked, id=13256, stack(0x000000d776900000,0x000000d776a00000)]
  0x000002c99ea7f000 JavaThread "Cache worker for cache directory md-rule (C:\Users\Jordan2\.gradle\caches\7.0.2\md-rule)" [_thread_blocked, id=13708, stack(0x000000d776b00000,0x000000d776c00000)]
  0x000002c99ea82800 JavaThread "Cache worker for execution history cache (C:\Users\Jordan2\.gradle\caches\7.0.2\executionHistory)" [_thread_blocked, id=44280, stack(0x000000d776c00000,0x000000d776d00000)]
  0x000002c99ea80800 JavaThread "jar transforms" [_thread_blocked, id=7460, stack(0x000000d776e00000,0x000000d776f00000)]
  0x000002c99ea81800 JavaThread "jar transforms Thread 2" [_thread_blocked, id=42928, stack(0x000000d776f00000,0x000000d777000000)]
  0x000002c99ea7e800 JavaThread "Cache worker for file content cache (C:\Users\Jordan2\.gradle\caches\7.0.2\fileContent)" [_thread_blocked, id=37416, stack(0x000000d777000000,0x000000d777100000)]
  0x000002c99ea85000 JavaThread "Cache worker for dependencies-accessors (C:\Users\Jordan2\AndroidStudioProjects\Lab4\.gradle\7.0.2\dependencies-accessors)" [_thread_blocked, id=44684, stack(0x000000d777100000,0x000000d777200000)]
  0x000002c99ea85800 JavaThread "jar transforms Thread 3" [_thread_blocked, id=35220, stack(0x000000d777200000,0x000000d777300000)]
  0x000002c99ea89000 JavaThread "Cache worker for Build Output Cleanup Cache (C:\Users\Jordan2\AndroidStudioProjects\Lab4\.gradle\buildOutputCleanup)" [_thread_blocked, id=52588, stack(0x000000d777300000,0x000000d777400000)]
  0x000002c99ea86800 JavaThread "Build operations" [_thread_blocked, id=18908, stack(0x000000d777400000,0x000000d777500000)]
  0x000002c99ea87800 JavaThread "Build operations Thread 2" [_thread_blocked, id=9824, stack(0x000000d777500000,0x000000d777600000)]
  0x000002c99ea83000 JavaThread "Build operations Thread 3" [_thread_blocked, id=50372, stack(0x000000d777600000,0x000000d777700000)]
  0x000002c99ea89800 JavaThread "Build operations Thread 4" [_thread_blocked, id=13380, stack(0x000000d777700000,0x000000d777800000)]
  0x000002c99ea88000 JavaThread "Build operations Thread 5" [_thread_blocked, id=7916, stack(0x000000d777800000,0x000000d777900000)]
  0x000002c99ea8a800 JavaThread "Build operations Thread 6" [_thread_blocked, id=49860, stack(0x000000d777900000,0x000000d777a00000)]
  0x000002c99ea8b800 JavaThread "Build operations Thread 7" [_thread_blocked, id=17068, stack(0x000000d777a00000,0x000000d777b00000)]
  0x000002c99ea8c000 JavaThread "Build operations Thread 8" [_thread_blocked, id=36360, stack(0x000000d777b00000,0x000000d777c00000)]
  0x000002c99ea8d000 JavaThread "jar transforms Thread 4" [_thread_blocked, id=10288, stack(0x000000d777c00000,0x000000d777d00000)]
  0x000002c9a13da800 JavaThread "jar transforms Thread 5" [_thread_blocked, id=5632, stack(0x000000d777d00000,0x000000d777e00000)]
  0x000002c9a13dd000 JavaThread "jar transforms Thread 6" [_thread_blocked, id=51036, stack(0x000000d777e00000,0x000000d777f00000)]
  0x000002c9a13de800 JavaThread "jar transforms Thread 7" [_thread_blocked, id=27084, stack(0x000000d777f00000,0x000000d778000000)]
  0x000002c9a13df800 JavaThread "jar transforms Thread 8" [_thread_blocked, id=9320, stack(0x000000d778000000,0x000000d778100000)]
  0x000002c9a13dc000 JavaThread "Memory manager" [_thread_blocked, id=29428, stack(0x000000d778100000,0x000000d778200000)]
  0x000002c9a13dd800 JavaThread "build event listener" [_thread_blocked, id=46632, stack(0x000000d776a00000,0x000000d776b00000)]
  0x000002c9a13e0000 JavaThread "Execution worker for ':'" [_thread_in_Java, id=20468, stack(0x000000d778200000,0x000000d778300000)]
  0x000002c9a13e1000 JavaThread "Execution worker for ':' Thread 2" [_thread_blocked, id=50096, stack(0x000000d778300000,0x000000d778400000)]
  0x000002c9a13db000 JavaThread "Execution worker for ':' Thread 3" [_thread_blocked, id=17912, stack(0x000000d778400000,0x000000d778500000)]
  0x000002c9a13e4000 JavaThread "Execution worker for ':' Thread 4" [_thread_blocked, id=32, stack(0x000000d778500000,0x000000d778600000)]
  0x000002c9a13e5000 JavaThread "Execution worker for ':' Thread 5" [_thread_blocked, id=52868, stack(0x000000d778600000,0x000000d778700000)]
  0x000002c9a13e2000 JavaThread "Execution worker for ':' Thread 6" [_thread_blocked, id=29700, stack(0x000000d778700000,0x000000d778800000)]
  0x000002c9a13e6000 JavaThread "Execution worker for ':' Thread 7" [_thread_blocked, id=37300, stack(0x000000d778800000,0x000000d778900000)]
  0x000002c9a13e2800 JavaThread "Cache worker for execution history cache (C:\Users\Jordan2\AndroidStudioProjects\Lab4\.gradle\7.0.2\executionHistory)" [_thread_blocked, id=14224, stack(0x000000d778900000,0x000000d778a00000)]
  0x000002c9a13e6800 JavaThread "WorkerExecutor Queue" [_thread_blocked, id=26160, stack(0x000000d778a00000,0x000000d778b00000)]
  0x000002c9a13e3800 JavaThread "WorkerExecutor Queue Thread 2" [_thread_blocked, id=17780, stack(0x000000d778b00000,0x000000d778c00000)]
  0x000002c9a13e7800 JavaThread "WorkerExecutor Queue Thread 3" [_thread_blocked, id=14156, stack(0x000000d778d00000,0x000000d778e00000)]
  0x000002c9a13e8800 JavaThread "WorkerExecutor Queue Thread 4" [_thread_blocked, id=41492, stack(0x000000d779000000,0x000000d779100000)]
  0x000002c9a13e9000 JavaThread "WorkerExecutor Queue Thread 5" [_thread_blocked, id=21832, stack(0x000000d779100000,0x000000d779200000)]
  0x000002c9a1364000 JavaThread "WorkerExecutor Queue Thread 6" [_thread_blocked, id=48500, stack(0x000000d779200000,0x000000d779300000)]
  0x000002c9a1365000 JavaThread "WorkerExecutor Queue Thread 7" [_thread_blocked, id=21104, stack(0x000000d779300000,0x000000d779400000)]
  0x000002c9a1363000 JavaThread "WorkerExecutor Queue Thread 8" [_thread_blocked, id=36424, stack(0x000000d779400000,0x000000d779500000)]

Other Threads:
  0x000002c99b3c6000 VMThread "VM Thread" [stack: 0x000000d774500000,0x000000d774600000] [id=47892]
  0x000002c99b5bc800 WatcherThread [stack: 0x000000d774f00000,0x000000d775000000] [id=28844]
  0x000002c9fbce4800 GCTaskThread "GC Thread#0" [stack: 0x000000d774000000,0x000000d774100000] [id=2612]
  0x000002c99b608000 GCTaskThread "GC Thread#1" [stack: 0x000000d775100000,0x000000d775200000] [id=55044]
  0x000002c99b607000 GCTaskThread "GC Thread#2" [stack: 0x000000d775200000,0x000000d775300000] [id=31304]
  0x000002c99b608800 GCTaskThread "GC Thread#3" [stack: 0x000000d775300000,0x000000d775400000] [id=52372]
  0x000002c99b609800 GCTaskThread "GC Thread#4" [stack: 0x000000d775f00000,0x000000d776000000] [id=15440]
  0x000002c99b60a000 GCTaskThread "GC Thread#5" [stack: 0x000000d776000000,0x000000d776100000] [id=20876]
  0x000002c99b606800 GCTaskThread "GC Thread#6" [stack: 0x000000d776100000,0x000000d776200000] [id=39160]
  0x000002c99b60b000 GCTaskThread "GC Thread#7" [stack: 0x000000d776200000,0x000000d776300000] [id=30356]
  0x000002c9fbd17800 ConcurrentGCThread "G1 Main Marker" [stack: 0x000000d774100000,0x000000d774200000] [id=6692]
  0x000002c9fbd1a000 ConcurrentGCThread "G1 Conc#0" [stack: 0x000000d774200000,0x000000d774300000] [id=49548]
  0x000002c99b604800 ConcurrentGCThread "G1 Conc#1" [stack: 0x000000d776300000,0x000000d776400000] [id=35344]
  0x000002c9fbdae000 ConcurrentGCThread "G1 Refine#0" [stack: 0x000000d774300000,0x000000d774400000] [id=37648]
  0x000002c9a16e8000 ConcurrentGCThread "G1 Refine#1" [stack: 0x000000d776d00000,0x000000d776e00000] [id=48836]
  0x000002c99c86f000 ConcurrentGCThread "G1 Refine#2" [stack: 0x000000d778c00000,0x000000d778d00000] [id=28576]
  0x000002c99aa00800 ConcurrentGCThread "G1 Young RemSet Sampling" [stack: 0x000000d774400000,0x000000d774500000] [id=43544]

Threads with active compile tasks:
C2 CompilerThread0  52034 12223       4       java.lang.reflect.Method::invoke (65 bytes)

VM state:not at safepoint (normal execution)

VM Mutex/Monitor currently owned by a thread:  ([mutex/lock_event])
[0x000002c9fbcc71f0] Patching_lock - owner thread: 0x0000000000000000

Heap address: 0x0000000080000000, size: 2048 MB, Compressed Oops mode: 32-bit
Narrow klass base: 0x0000000000000000, Narrow klass shift: 3
Compressed class space size: 1073741824 Address: 0x0000000100000000

Heap:
 garbage-first heap   total 194560K, used 119498K [0x0000000080000000, 0x0000000100000000)
  region size 1024K, 45 young (46080K), 1 survivors (1024K)
 Metaspace       used 91718K, capacity 93921K, committed 94412K, reserved 1130496K
  class space    used 11502K, capacity 12285K, committed 12492K, reserved 1048576K
Heap Regions: E=young(eden), S=young(survivor), O=old, HS=humongous(starts), HC=humongous(continues), CS=collection set, F=free, A=archive, TAMS=top-at-mark-start (previous, next)
|   0|0x0000000080000000, 0x0000000080100000, 0x0000000080100000|100%| O|  |TAMS 0x0000000080100000, 0x0000000080000000| Untracked 
|   1|0x0000000080100000, 0x0000000080200000, 0x0000000080200000|100%| O|  |TAMS 0x0000000080200000, 0x0000000080100000| Untracked 
|   2|0x0000000080200000, 0x0000000080300000, 0x0000000080300000|100%| O|  |TAMS 0x0000000080300000, 0x0000000080200000| Untracked 
|   3|0x0000000080300000, 0x0000000080400000, 0x0000000080400000|100%|HS|  |TAMS 0x0000000080400000, 0x0000000080300000| Complete 
|   4|0x0000000080400000, 0x0000000080500000, 0x0000000080500000|100%|HC|  |TAMS 0x0000000080500000, 0x0000000080400000| Complete 
|   5|0x0000000080500000, 0x0000000080600000, 0x0000000080600000|100%|HC|  |TAMS 0x0000000080600000, 0x0000000080500000| Complete 
|   6|0x0000000080600000, 0x0000000080700000, 0x0000000080700000|100%| O|  |TAMS 0x0000000080700000, 0x0000000080600000| Untracked 
|   7|0x0000000080700000, 0x0000000080800000, 0x0000000080800000|100%| O|  |TAMS 0x0000000080800000, 0x0000000080700000| Untracked 
|   8|0x0000000080800000, 0x0000000080900000, 0x0000000080900000|100%| O|  |TAMS 0x0000000080900000, 0x0000000080800000| Untracked 
|   9|0x0000000080900000, 0x0000000080a00000, 0x0000000080a00000|100%| O|  |TAMS 0x0000000080a00000, 0x0000000080900000| Untracked 
|  10|0x0000000080a00000, 0x0000000080b00000, 0x0000000080b00000|100%| O|  |TAMS 0x0000000080b00000, 0x0000000080a00000| Untracked 
|  11|0x0000000080b00000, 0x0000000080c00000, 0x0000000080c00000|100%| O|  |TAMS 0x0000000080c00000, 0x0000000080b00000| Untracked 
|  12|0x0000000080c00000, 0x0000000080d00000, 0x0000000080d00000|100%| O|  |TAMS 0x0000000080d00000, 0x0000000080c00000| Untracked 
|  13|0x0000000080d00000, 0x0000000080e00000, 0x0000000080e00000|100%| O|  |TAMS 0x0000000080e00000, 0x0000000080d00000| Untracked 
|  14|0x0000000080e00000, 0x0000000080f00000, 0x0000000080f00000|100%| O|  |TAMS 0x0000000080f00000, 0x0000000080e00000| Untracked 
|  15|0x0000000080f00000, 0x0000000081000000, 0x0000000081000000|100%| O|  |TAMS 0x0000000081000000, 0x0000000080f00000| Untracked 
|  16|0x0000000081000000, 0x0000000081100000, 0x0000000081100000|100%| O|  |TAMS 0x0000000081100000, 0x0000000081000000| Untracked 
|  17|0x0000000081100000, 0x0000000081200000, 0x0000000081200000|100%|HS|  |TAMS 0x0000000081200000, 0x0000000081100000| Complete 
|  18|0x0000000081200000, 0x0000000081300000, 0x0000000081300000|100%|HS|  |TAMS 0x0000000081300000, 0x0000000081200000| Complete 
|  19|0x0000000081300000, 0x0000000081400000, 0x0000000081400000|100%|HS|  |TAMS 0x0000000081400000, 0x0000000081300000| Complete 
|  20|0x0000000081400000, 0x0000000081500000, 0x0000000081500000|100%|HC|  |TAMS 0x0000000081500000, 0x0000000081400000| Complete 
|  21|0x0000000081500000, 0x0000000081600000, 0x0000000081600000|100%| O|  |TAMS 0x0000000081600000, 0x0000000081500000| Untracked 
|  22|0x0000000081600000, 0x0000000081700000, 0x0000000081700000|100%| O|  |TAMS 0x0000000081700000, 0x0000000081600000| Untracked 
|  23|0x0000000081700000, 0x0000000081800000, 0x0000000081800000|100%| O|  |TAMS 0x0000000081800000, 0x0000000081700000| Untracked 
|  24|0x0000000081800000, 0x0000000081900000, 0x0000000081900000|100%| O|  |TAMS 0x0000000081900000, 0x0000000081800000| Untracked 
|  25|0x0000000081900000, 0x0000000081a00000, 0x0000000081a00000|100%| O|  |TAMS 0x0000000081a00000, 0x0000000081900000| Untracked 
|  26|0x0000000081a00000, 0x0000000081b00000, 0x0000000081b00000|100%| O|  |TAMS 0x0000000081b00000, 0x0000000081a00000| Untracked 
|  27|0x0000000081b00000, 0x0000000081c00000, 0x0000000081c00000|100%| O|  |TAMS 0x0000000081c00000, 0x0000000081b00000| Untracked 
|  28|0x0000000081c00000, 0x0000000081d00000, 0x0000000081d00000|100%| O|  |TAMS 0x0000000081d00000, 0x0000000081c00000| Untracked 
|  29|0x0000000081d00000, 0x0000000081e00000, 0x0000000081e00000|100%| O|  |TAMS 0x0000000081e00000, 0x0000000081d00000| Untracked 
|  30|0x0000000081e00000, 0x0000000081f00000, 0x0000000081f00000|100%| O|  |TAMS 0x0000000081f00000, 0x0000000081e00000| Untracked 
|  31|0x0000000081f00000, 0x0000000082000000, 0x0000000082000000|100%| O|  |TAMS 0x0000000082000000, 0x0000000081f00000| Untracked 
|  32|0x0000000082000000, 0x0000000082100000, 0x0000000082100000|100%| O|  |TAMS 0x0000000082100000, 0x0000000082000000| Untracked 
|  33|0x0000000082100000, 0x0000000082200000, 0x0000000082200000|100%| O|  |TAMS 0x0000000082200000, 0x0000000082100000| Untracked 
|  34|0x0000000082200000, 0x0000000082300000, 0x0000000082300000|100%| O|  |TAMS 0x0000000082300000, 0x0000000082200000| Untracked 
|  35|0x0000000082300000, 0x0000000082400000, 0x0000000082400000|100%| O|  |TAMS 0x0000000082400000, 0x0000000082300000| Untracked 
|  36|0x0000000082400000, 0x0000000082500000, 0x0000000082500000|100%| O|  |TAMS 0x0000000082500000, 0x0000000082400000| Untracked 
|  37|0x0000000082500000, 0x0000000082600000, 0x0000000082600000|100%| O|  |TAMS 0x0000000082600000, 0x0000000082500000| Untracked 
|  38|0x0000000082600000, 0x0000000082700000, 0x0000000082700000|100%| O|  |TAMS 0x0000000082700000, 0x0000000082600000| Untracked 
|  39|0x0000000082700000, 0x0000000082800000, 0x0000000082800000|100%| O|  |TAMS 0x0000000082800000, 0x0000000082700000| Untracked 
|  40|0x0000000082800000, 0x0000000082900000, 0x0000000082900000|100%| O|  |TAMS 0x0000000082900000, 0x0000000082800000| Untracked 
|  41|0x0000000082900000, 0x0000000082a00000, 0x0000000082a00000|100%| O|  |TAMS 0x0000000082a00000, 0x0000000082900000| Untracked 
|  42|0x0000000082a00000, 0x0000000082b00000, 0x0000000082b00000|100%| O|  |TAMS 0x0000000082b00000, 0x0000000082a00000| Untracked 
|  43|0x0000000082b00000, 0x0000000082c00000, 0x0000000082c00000|100%| O|  |TAMS 0x0000000082c00000, 0x0000000082b00000| Untracked 
|  44|0x0000000082c00000, 0x0000000082d00000, 0x0000000082d00000|100%| O|  |TAMS 0x0000000082d00000, 0x0000000082c00000| Untracked 
|  45|0x0000000082d00000, 0x0000000082e00000, 0x0000000082e00000|100%| O|  |TAMS 0x0000000082e00000, 0x0000000082d00000| Untracked 
|  46|0x0000000082e00000, 0x0000000082f00000, 0x0000000082f00000|100%| O|  |TAMS 0x0000000082f00000, 0x0000000082e00000| Untracked 
|  47|0x0000000082f00000, 0x0000000083000000, 0x0000000083000000|100%| O|  |TAMS 0x0000000083000000, 0x0000000082f00000| Untracked 
|  48|0x0000000083000000, 0x0000000083100000, 0x0000000083100000|100%| O|  |TAMS 0x0000000083100000, 0x0000000083000000| Untracked 
|  49|0x0000000083100000, 0x0000000083200000, 0x0000000083200000|100%| O|  |TAMS 0x0000000083200000, 0x0000000083100000| Untracked 
|  50|0x0000000083200000, 0x0000000083300000, 0x0000000083300000|100%| O|  |TAMS 0x0000000083300000, 0x0000000083200000| Untracked 
|  51|0x0000000083300000, 0x0000000083400000, 0x0000000083400000|100%| O|  |TAMS 0x0000000083400000, 0x0000000083300000| Untracked 
|  52|0x0000000083400000, 0x0000000083500000, 0x0000000083500000|100%| O|  |TAMS 0x0000000083500000, 0x0000000083400000| Untracked 
|  53|0x0000000083500000, 0x0000000083600000, 0x0000000083600000|100%| O|  |TAMS 0x0000000083600000, 0x0000000083500000| Untracked 
|  54|0x0000000083600000, 0x0000000083700000, 0x0000000083700000|100%| O|  |TAMS 0x0000000083700000, 0x0000000083600000| Untracked 
|  55|0x0000000083700000, 0x0000000083800000, 0x0000000083800000|100%| O|  |TAMS 0x0000000083700000, 0x0000000083700000| Untracked 
|  56|0x0000000083800000, 0x0000000083900000, 0x0000000083900000|100%| O|  |TAMS 0x0000000083900000, 0x0000000083800000| Untracked 
|  57|0x0000000083900000, 0x0000000083900000, 0x0000000083a00000|  0%| F|  |TAMS 0x0000000083900000, 0x0000000083900000| Untracked 
|  58|0x0000000083a00000, 0x0000000083a00000, 0x0000000083b00000|  0%| F|  |TAMS 0x0000000083a00000, 0x0000000083a00000| Untracked 
|  59|0x0000000083b00000, 0x0000000083b67a00, 0x0000000083c00000| 40%| O|  |TAMS 0x0000000083b00000, 0x0000000083b00000| Untracked 
|  60|0x0000000083c00000, 0x0000000083c00000, 0x0000000083d00000|  0%| F|  |TAMS 0x0000000083c00000, 0x0000000083c00000| Untracked 
|  61|0x0000000083d00000, 0x0000000083d00000, 0x0000000083e00000|  0%| F|  |TAMS 0x0000000083d00000, 0x0000000083d00000| Untracked 
|  62|0x0000000083e00000, 0x0000000083e00000, 0x0000000083f00000|  0%| F|  |TAMS 0x0000000083e00000, 0x0000000083e00000| Untracked 
|  63|0x0000000083f00000, 0x0000000083f00000, 0x0000000084000000|  0%| F|  |TAMS 0x0000000083f00000, 0x0000000083f00000| Untracked 
|  64|0x0000000084000000, 0x0000000084000000, 0x0000000084100000|  0%| F|  |TAMS 0x0000000084000000, 0x0000000084000000| Untracked 
|  65|0x0000000084100000, 0x0000000084100000, 0x0000000084200000|  0%| F|  |TAMS 0x0000000084100000, 0x0000000084100000| Untracked 
|  66|0x0000000084200000, 0x0000000084200000, 0x0000000084300000|  0%| F|  |TAMS 0x0000000084200000, 0x0000000084200000| Untracked 
|  67|0x0000000084300000, 0x0000000084400000, 0x0000000084400000|100%| O|  |TAMS 0x0000000084400000, 0x0000000084300000| Untracked 
|  68|0x0000000084400000, 0x0000000084500000, 0x0000000084500000|100%| O|  |TAMS 0x0000000084500000, 0x0000000084400000| Untracked 
|  69|0x0000000084500000, 0x0000000084600000, 0x0000000084600000|100%| O|  |TAMS 0x0000000084600000, 0x0000000084500000| Untracked 
|  70|0x0000000084600000, 0x0000000084700000, 0x0000000084700000|100%| O|  |TAMS 0x0000000084700000, 0x0000000084600000| Untracked 
|  71|0x0000000084700000, 0x0000000084800000, 0x0000000084800000|100%| O|  |TAMS 0x0000000084800000, 0x0000000084700000| Untracked 
|  72|0x0000000084800000, 0x0000000084900000, 0x0000000084900000|100%| O|  |TAMS 0x0000000084900000, 0x0000000084800000| Untracked 
|  73|0x0000000084900000, 0x0000000084a00000, 0x0000000084a00000|100%| O|  |TAMS 0x0000000084a00000, 0x0000000084900000| Untracked 
|  74|0x0000000084a00000, 0x0000000084b00000, 0x0000000084b00000|100%| O|  |TAMS 0x0000000084b00000, 0x0000000084a00000| Untracked 
|  75|0x0000000084b00000, 0x0000000084c00000, 0x0000000084c00000|100%| O|  |TAMS 0x0000000084c00000, 0x0000000084b00000| Untracked 
|  76|0x0000000084c00000, 0x0000000084d00000, 0x0000000084d00000|100%| O|  |TAMS 0x0000000084d00000, 0x0000000084c00000| Untracked 
|  77|0x0000000084d00000, 0x0000000084e00000, 0x0000000084e00000|100%| O|  |TAMS 0x0000000084e00000, 0x0000000084d00000| Untracked 
|  78|0x0000000084e00000, 0x0000000084f00000, 0x0000000084f00000|100%| O|  |TAMS 0x0000000084f00000, 0x0000000084e00000| Untracked 
|  79|0x0000000084f00000, 0x0000000084f00000, 0x0000000085000000|  0%| F|  |TAMS 0x0000000084f00000, 0x0000000084f00000| Untracked 
|  80|0x0000000085000000, 0x0000000085000000, 0x0000000085100000|  0%| F|  |TAMS 0x0000000085000000, 0x0000000085000000| Untracked 
|  81|0x0000000085100000, 0x0000000085100000, 0x0000000085200000|  0%| F|  |TAMS 0x0000000085100000, 0x0000000085100000| Untracked 
|  82|0x0000000085200000, 0x0000000085200000, 0x0000000085300000|  0%| F|  |TAMS 0x0000000085200000, 0x0000000085200000| Untracked 
|  83|0x0000000085300000, 0x0000000085300000, 0x0000000085400000|  0%| F|  |TAMS 0x0000000085300000, 0x0000000085300000| Untracked 
|  84|0x0000000085400000, 0x0000000085400000, 0x0000000085500000|  0%| F|  |TAMS 0x0000000085400000, 0x0000000085400000| Untracked 
|  85|0x0000000085500000, 0x0000000085500000, 0x0000000085600000|  0%| F|  |TAMS 0x0000000085500000, 0x0000000085500000| Untracked 
|  86|0x0000000085600000, 0x0000000085600000, 0x0000000085700000|  0%| F|  |TAMS 0x0000000085600000, 0x0000000085600000| Untracked 
|  87|0x0000000085700000, 0x0000000085800000, 0x0000000085800000|100%| O|  |TAMS 0x0000000085800000, 0x0000000085700000| Untracked 
|  88|0x0000000085800000, 0x0000000085900000, 0x0000000085900000|100%| O|  |TAMS 0x0000000085900000, 0x0000000085800000| Untracked 
|  89|0x0000000085900000, 0x0000000085a00000, 0x0000000085a00000|100%| O|  |TAMS 0x0000000085a00000, 0x0000000085900000| Untracked 
|  90|0x0000000085a00000, 0x0000000085b00000, 0x0000000085b00000|100%| O|  |TAMS 0x0000000085af3000, 0x0000000085a00000| Untracked 
|  91|0x0000000085b00000, 0x0000000085b00000, 0x0000000085c00000|  0%| F|  |TAMS 0x0000000085b00000, 0x0000000085b00000| Untracked 
|  92|0x0000000085c00000, 0x0000000085c00000, 0x0000000085d00000|  0%| F|  |TAMS 0x0000000085c00000, 0x0000000085c00000| Untracked 
|  93|0x0000000085d00000, 0x0000000085d00000, 0x0000000085e00000|  0%| F|  |TAMS 0x0000000085d00000, 0x0000000085d00000| Untracked 
|  94|0x0000000085e00000, 0x0000000085e00000, 0x0000000085f00000|  0%| F|  |TAMS 0x0000000085e00000, 0x0000000085e00000| Untracked 
|  95|0x0000000085f00000, 0x0000000085f00000, 0x0000000086000000|  0%| F|  |TAMS 0x0000000085f00000, 0x0000000085f00000| Untracked 
|  96|0x0000000086000000, 0x0000000086000000, 0x0000000086100000|  0%| F|  |TAMS 0x0000000086000000, 0x0000000086000000| Untracked 
|  97|0x0000000086100000, 0x0000000086100000, 0x0000000086200000|  0%| F|  |TAMS 0x0000000086100000, 0x0000000086100000| Untracked 
|  98|0x0000000086200000, 0x0000000086200000, 0x0000000086300000|  0%| F|  |TAMS 0x0000000086200000, 0x0000000086200000| Untracked 
|  99|0x0000000086300000, 0x0000000086300000, 0x0000000086400000|  0%| F|  |TAMS 0x0000000086300000, 0x0000000086300000| Untracked 
| 100|0x0000000086400000, 0x0000000086400000, 0x0000000086500000|  0%| F|  |TAMS 0x0000000086400000, 0x0000000086400000| Untracked 
| 101|0x0000000086500000, 0x0000000086500000, 0x0000000086600000|  0%| F|  |TAMS 0x0000000086500000, 0x0000000086500000| Untracked 
| 102|0x0000000086600000, 0x0000000086600000, 0x0000000086700000|  0%| F|  |TAMS 0x0000000086600000, 0x0000000086600000| Untracked 
| 103|0x0000000086700000, 0x0000000086800000, 0x0000000086800000|100%| O|  |TAMS 0x0000000086800000, 0x0000000086700000| Untracked 
| 104|0x0000000086800000, 0x0000000086800000, 0x0000000086900000|  0%| F|  |TAMS 0x0000000086800000, 0x0000000086800000| Untracked 
| 105|0x0000000086900000, 0x0000000086900000, 0x0000000086a00000|  0%| F|  |TAMS 0x0000000086900000, 0x0000000086900000| Untracked 
| 106|0x0000000086a00000, 0x0000000086a00000, 0x0000000086b00000|  0%| F|  |TAMS 0x0000000086a00000, 0x0000000086a00000| Untracked 
| 107|0x0000000086b00000, 0x0000000086b00000, 0x0000000086c00000|  0%| F|  |TAMS 0x0000000086b00000, 0x0000000086b00000| Untracked 
| 108|0x0000000086c00000, 0x0000000086c00000, 0x0000000086d00000|  0%| F|  |TAMS 0x0000000086c00000, 0x0000000086c00000| Untracked 
| 109|0x0000000086d00000, 0x0000000086d00000, 0x0000000086e00000|  0%| F|  |TAMS 0x0000000086d00000, 0x0000000086d00000| Untracked 
| 110|0x0000000086e00000, 0x0000000086e00000, 0x0000000086f00000|  0%| F|  |TAMS 0x0000000086e00000, 0x0000000086e00000| Untracked 
| 111|0x0000000086f00000, 0x0000000086f00000, 0x0000000087000000|  0%| F|  |TAMS 0x0000000086f00000, 0x0000000086f00000| Untracked 
| 112|0x0000000087000000, 0x0000000087000000, 0x0000000087100000|  0%| F|  |TAMS 0x0000000087000000, 0x0000000087000000| Untracked 
| 113|0x0000000087100000, 0x0000000087100000, 0x0000000087200000|  0%| F|  |TAMS 0x0000000087100000, 0x0000000087100000| Untracked 
| 114|0x0000000087200000, 0x0000000087200000, 0x0000000087300000|  0%| F|  |TAMS 0x0000000087200000, 0x0000000087200000| Untracked 
| 115|0x0000000087300000, 0x0000000087300000, 0x0000000087400000|  0%| F|  |TAMS 0x0000000087300000, 0x0000000087300000| Untracked 
| 116|0x0000000087400000, 0x0000000087400000, 0x0000000087500000|  0%| F|  |TAMS 0x0000000087400000, 0x0000000087400000| Untracked 
| 117|0x0000000087500000, 0x0000000087500000, 0x0000000087600000|  0%| F|  |TAMS 0x0000000087500000, 0x0000000087500000| Untracked 
| 118|0x0000000087600000, 0x0000000087600000, 0x0000000087700000|  0%| F|  |TAMS 0x0000000087600000, 0x0000000087600000| Untracked 
| 119|0x0000000087700000, 0x0000000087700000, 0x0000000087800000|  0%| F|  |TAMS 0x0000000087700000, 0x0000000087700000| Untracked 
| 120|0x0000000087800000, 0x0000000087800000, 0x0000000087900000|  0%| F|  |TAMS 0x0000000087800000, 0x0000000087800000| Untracked 
| 121|0x0000000087900000, 0x0000000087900000, 0x0000000087a00000|  0%| F|  |TAMS 0x0000000087900000, 0x0000000087900000| Untracked 
| 122|0x0000000087a00000, 0x0000000087a00000, 0x0000000087b00000|  0%| F|  |TAMS 0x0000000087a00000, 0x0000000087a00000| Untracked 
| 123|0x0000000087b00000, 0x0000000087b00000, 0x0000000087c00000|  0%| F|  |TAMS 0x0000000087b00000, 0x0000000087b00000| Untracked 
| 124|0x0000000087c00000, 0x0000000087c00000, 0x0000000087d00000|  0%| F|  |TAMS 0x0000000087c00000, 0x0000000087c00000| Untracked 
| 125|0x0000000087d00000, 0x0000000087d00000, 0x0000000087e00000|  0%| F|  |TAMS 0x0000000087d00000, 0x0000000087d00000| Untracked 
| 126|0x0000000087e00000, 0x0000000087e00000, 0x0000000087f00000|  0%| F|  |TAMS 0x0000000087e00000, 0x0000000087e00000| Untracked 
| 127|0x0000000087f00000, 0x0000000087f00000, 0x0000000088000000|  0%| F|  |TAMS 0x0000000087f00000, 0x0000000087f00000| Untracked 
| 128|0x0000000088000000, 0x0000000088000000, 0x0000000088100000|  0%| F|  |TAMS 0x0000000088000000, 0x0000000088000000| Untracked 
| 129|0x0000000088100000, 0x0000000088100000, 0x0000000088200000|  0%| F|  |TAMS 0x0000000088100000, 0x0000000088100000| Untracked 
| 130|0x0000000088200000, 0x0000000088200000, 0x0000000088300000|  0%| F|  |TAMS 0x0000000088200000, 0x0000000088200000| Untracked 
| 131|0x0000000088300000, 0x0000000088300000, 0x0000000088400000|  0%| F|  |TAMS 0x0000000088300000, 0x0000000088300000| Untracked 
| 132|0x0000000088400000, 0x0000000088400000, 0x0000000088500000|  0%| F|  |TAMS 0x0000000088400000, 0x0000000088400000| Untracked 
| 133|0x0000000088500000, 0x0000000088500000, 0x0000000088600000|  0%| F|  |TAMS 0x0000000088500000, 0x0000000088500000| Untracked 
| 134|0x0000000088600000, 0x0000000088600000, 0x0000000088700000|  0%| F|  |TAMS 0x0000000088600000, 0x0000000088600000| Untracked 
| 135|0x0000000088700000, 0x0000000088700000, 0x0000000088800000|  0%| F|  |TAMS 0x0000000088700000, 0x0000000088700000| Untracked 
| 136|0x0000000088800000, 0x0000000088800000, 0x0000000088900000|  0%| F|  |TAMS 0x0000000088800000, 0x0000000088800000| Untracked 
| 137|0x0000000088900000, 0x0000000088900000, 0x0000000088a00000|  0%| F|  |TAMS 0x0000000088900000, 0x0000000088900000| Untracked 
| 138|0x0000000088a00000, 0x0000000088a00000, 0x0000000088b00000|  0%| F|  |TAMS 0x0000000088a00000, 0x0000000088a00000| Untracked 
| 139|0x0000000088b00000, 0x0000000088b00000, 0x0000000088c00000|  0%| F|  |TAMS 0x0000000088b00000, 0x0000000088b00000| Untracked 
| 140|0x0000000088c00000, 0x0000000088c00000, 0x0000000088d00000|  0%| F|  |TAMS 0x0000000088c00000, 0x0000000088c00000| Untracked 
| 141|0x0000000088d00000, 0x0000000088d00000, 0x0000000088e00000|  0%| F|  |TAMS 0x0000000088d00000, 0x0000000088d00000| Untracked 
| 142|0x0000000088e00000, 0x0000000088e00000, 0x0000000088f00000|  0%| F|  |TAMS 0x0000000088e00000, 0x0000000088e00000| Untracked 
| 143|0x0000000088f00000, 0x0000000088f00000, 0x0000000089000000|  0%| F|  |TAMS 0x0000000088f00000, 0x0000000088f00000| Untracked 
| 144|0x0000000089000000, 0x000000008900da20, 0x0000000089100000|  5%| E|  |TAMS 0x0000000089000000, 0x0000000089000000| Complete 
| 145|0x0000000089100000, 0x0000000089200000, 0x0000000089200000|100%| E|CS|TAMS 0x0000000089100000, 0x0000000089100000| Complete 
| 146|0x0000000089200000, 0x0000000089300000, 0x0000000089300000|100%| E|CS|TAMS 0x0000000089200000, 0x0000000089200000| Complete 
| 147|0x0000000089300000, 0x0000000089400000, 0x0000000089400000|100%| E|CS|TAMS 0x0000000089300000, 0x0000000089300000| Complete 
| 148|0x0000000089400000, 0x0000000089500000, 0x0000000089500000|100%| E|CS|TAMS 0x0000000089400000, 0x0000000089400000| Complete 
| 149|0x0000000089500000, 0x0000000089600000, 0x0000000089600000|100%| E|CS|TAMS 0x0000000089500000, 0x0000000089500000| Complete 
| 150|0x0000000089600000, 0x0000000089700000, 0x0000000089700000|100%| E|CS|TAMS 0x0000000089600000, 0x0000000089600000| Complete 
| 151|0x0000000089700000, 0x0000000089800000, 0x0000000089800000|100%| E|CS|TAMS 0x0000000089700000, 0x0000000089700000| Complete 
| 152|0x0000000089800000, 0x0000000089900000, 0x0000000089900000|100%| E|CS|TAMS 0x0000000089800000, 0x0000000089800000| Complete 
| 153|0x0000000089900000, 0x0000000089a00000, 0x0000000089a00000|100%| E|CS|TAMS 0x0000000089900000, 0x0000000089900000| Complete 
| 154|0x0000000089a00000, 0x0000000089b00000, 0x0000000089b00000|100%| E|CS|TAMS 0x0000000089a00000, 0x0000000089a00000| Complete 
| 155|0x0000000089b00000, 0x0000000089c00000, 0x0000000089c00000|100%| E|  |TAMS 0x0000000089b00000, 0x0000000089b00000| Complete 
| 156|0x0000000089c00000, 0x0000000089d00000, 0x0000000089d00000|100%| E|CS|TAMS 0x0000000089c00000, 0x0000000089c00000| Complete 
| 157|0x0000000089d00000, 0x0000000089e00000, 0x0000000089e00000|100%| E|CS|TAMS 0x0000000089d00000, 0x0000000089d00000| Complete 
| 158|0x0000000089e00000, 0x0000000089f00000, 0x0000000089f00000|100%| E|CS|TAMS 0x0000000089e00000, 0x0000000089e00000| Complete 
| 159|0x0000000089f00000, 0x000000008a000000, 0x000000008a000000|100%| E|CS|TAMS 0x0000000089f00000, 0x0000000089f00000| Complete 
| 160|0x000000008a000000, 0x000000008a100000, 0x000000008a100000|100%| E|CS|TAMS 0x000000008a000000, 0x000000008a000000| Complete 
| 161|0x000000008a100000, 0x000000008a200000, 0x000000008a200000|100%| E|CS|TAMS 0x000000008a100000, 0x000000008a100000| Complete 
| 162|0x000000008a200000, 0x000000008a300000, 0x000000008a300000|100%| E|CS|TAMS 0x000000008a200000, 0x000000008a200000| Complete 
| 163|0x000000008a300000, 0x000000008a400000, 0x000000008a400000|100%| E|CS|TAMS 0x000000008a300000, 0x000000008a300000| Complete 
| 164|0x000000008a400000, 0x000000008a500000, 0x000000008a500000|100%| E|CS|TAMS 0x000000008a400000, 0x000000008a400000| Complete 
| 165|0x000000008a500000, 0x000000008a600000, 0x000000008a600000|100%| E|CS|TAMS 0x000000008a500000, 0x000000008a500000| Complete 
| 166|0x000000008a600000, 0x000000008a700000, 0x000000008a700000|100%| E|CS|TAMS 0x000000008a600000, 0x000000008a600000| Complete 
| 167|0x000000008a700000, 0x000000008a800000, 0x000000008a800000|100%| E|CS|TAMS 0x000000008a700000, 0x000000008a700000| Complete 
| 168|0x000000008a800000, 0x000000008a900000, 0x000000008a900000|100%| E|CS|TAMS 0x000000008a800000, 0x000000008a800000| Complete 
| 169|0x000000008a900000, 0x000000008aa00000, 0x000000008aa00000|100%| E|CS|TAMS 0x000000008a900000, 0x000000008a900000| Complete 
| 170|0x000000008aa00000, 0x000000008ab00000, 0x000000008ab00000|100%| E|CS|TAMS 0x000000008aa00000, 0x000000008aa00000| Complete 
| 171|0x000000008ab00000, 0x000000008ac00000, 0x000000008ac00000|100%| E|CS|TAMS 0x000000008ab00000, 0x000000008ab00000| Complete 
| 172|0x000000008ac00000, 0x000000008ad00000, 0x000000008ad00000|100%| E|CS|TAMS 0x000000008ac00000, 0x000000008ac00000| Complete 
| 173|0x000000008ad00000, 0x000000008ae00000, 0x000000008ae00000|100%| E|CS|TAMS 0x000000008ad00000, 0x000000008ad00000| Complete 
| 174|0x000000008ae00000, 0x000000008af00000, 0x000000008af00000|100%| E|CS|TAMS 0x000000008ae00000, 0x000000008ae00000| Complete 
| 175|0x000000008af00000, 0x000000008b000000, 0x000000008b000000|100%| E|CS|TAMS 0x000000008af00000, 0x000000008af00000| Complete 
| 176|0x000000008b000000, 0x000000008b100000, 0x000000008b100000|100%| E|CS|TAMS 0x000000008b000000, 0x000000008b000000| Complete 
| 177|0x000000008b100000, 0x000000008b200000, 0x000000008b200000|100%| E|CS|TAMS 0x000000008b100000, 0x000000008b100000| Complete 
| 178|0x000000008b200000, 0x000000008b300000, 0x000000008b300000|100%| E|CS|TAMS 0x000000008b200000, 0x000000008b200000| Complete 
| 179|0x000000008b300000, 0x000000008b400000, 0x000000008b400000|100%| E|CS|TAMS 0x000000008b300000, 0x000000008b300000| Complete 
| 180|0x000000008b400000, 0x000000008b500000, 0x000000008b500000|100%| E|CS|TAMS 0x000000008b400000, 0x000000008b400000| Complete 
| 181|0x000000008b500000, 0x000000008b600000, 0x000000008b600000|100%| E|CS|TAMS 0x000000008b500000, 0x000000008b500000| Complete 
| 182|0x000000008b600000, 0x000000008b64b080, 0x000000008b700000| 29%| S|CS|TAMS 0x000000008b600000, 0x000000008b600000| Complete 
| 183|0x000000008b700000, 0x000000008b800000, 0x000000008b800000|100%| E|CS|TAMS 0x000000008b700000, 0x000000008b700000| Complete 
| 184|0x000000008b800000, 0x000000008b900000, 0x000000008b900000|100%| E|CS|TAMS 0x000000008b800000, 0x000000008b800000| Complete 
| 185|0x000000008b900000, 0x000000008ba00000, 0x000000008ba00000|100%| E|CS|TAMS 0x000000008b900000, 0x000000008b900000| Complete 
| 186|0x000000008ba00000, 0x000000008bb00000, 0x000000008bb00000|100%| E|CS|TAMS 0x000000008ba00000, 0x000000008ba00000| Complete 
| 187|0x000000008bb00000, 0x000000008bc00000, 0x000000008bc00000|100%| E|CS|TAMS 0x000000008bb00000, 0x000000008bb00000| Complete 
| 188|0x000000008bc00000, 0x000000008bd00000, 0x000000008bd00000|100%| E|CS|TAMS 0x000000008bc00000, 0x000000008bc00000| Complete 
| 189|0x000000008bd00000, 0x000000008be00000, 0x000000008be00000|100%| E|CS|TAMS 0x000000008bd00000, 0x000000008bd00000| Complete 

Card table byte_map: [0x000002c9938b0000,0x000002c993cb0000] _byte_map_base: 0x000002c9934b0000

Marking Bits (Prev, Next): (CMBitMap*) 0x000002c9fbd0e988, (CMBitMap*) 0x000002c9fbd0e9c0
 Prev Bits: [0x000002c9940b0000, 0x000002c9960b0000)
 Next Bits: [0x000002c9960b0000, 0x000002c9980b0000)

Polling page: 0x000002c980000000

Metaspace:

Usage:
  Non-class:     79.72 MB capacity,    78.34 MB ( 98%) used,     1.15 MB (  1%) free+waste,   246.06 KB ( <1%) overhead. 
      Class:     12.00 MB capacity,    11.23 MB ( 94%) used,   673.30 KB (  5%) free+waste,   109.31 KB ( <1%) overhead. 
       Both:     91.72 MB capacity,    89.57 MB ( 98%) used,     1.80 MB (  2%) free+waste,   355.38 KB ( <1%) overhead. 

Virtual space:
  Non-class space:       80.00 MB reserved,      80.00 MB (100%) committed 
      Class space:        1.00 GB reserved,      12.20 MB (  1%) committed 
             Both:        1.08 GB reserved,      92.20 MB (  8%) committed 

Chunk freelists:
   Non-Class:  156.00 KB
       Class:  131.00 KB
        Both:  287.00 KB

MaxMetaspaceSize: 17179869184.00 GB
CompressedClassSpaceSize: 1.00 GB

CodeHeap 'non-profiled nmethods': size=120000Kb used=8040Kb max_used=8040Kb free=111959Kb
 bounds [0x000002c98b500000, 0x000002c98bce0000, 0x000002c992a30000]
CodeHeap 'profiled nmethods': size=120000Kb used=27128Kb max_used=27128Kb free=92871Kb
 bounds [0x000002c983fd0000, 0x000002c985a50000, 0x000002c98b500000]
CodeHeap 'non-nmethods': size=5760Kb used=2290Kb max_used=2334Kb free=3469Kb
 bounds [0x000002c983a30000, 0x000002c983ca0000, 0x000002c983fd0000]
 total_blobs=13319 nmethods=12421 adapters=809
 compilation: enabled
              stopped_count=0, restarted_count=0
 full_count=0

Compilation events (20 events):
Event: 51.981 Thread 0x000002c99b423800 nmethod 12496 0x000002c985a26990 code [0x000002c985a26c20, 0x000002c985a27678]
Event: 51.981 Thread 0x000002c99b423800 12497  s!   2       sun.nio.ch.NativeThreadSet::signalAndWait (134 bytes)
Event: 51.982 Thread 0x000002c99b423800 nmethod 12497 0x000002c985a27b10 code [0x000002c985a27ce0, 0x000002c985a28158]
Event: 51.982 Thread 0x000002c99b423800 12498       2       org.gradle.internal.execution.steps.IdentityCacheStep$$Lambda$903/0x0000000100aca840::get (24 bytes)
Event: 51.982 Thread 0x000002c99b423800 nmethod 12498 0x000002c985a28390 code [0x000002c985a28560, 0x000002c985a28848]
Event: 51.982 Thread 0x000002c99b423800 12499       2       org.gradle.internal.execution.steps.IdentityCacheStep::lambda$executeDeferred$1 (20 bytes)
Event: 51.982 Thread 0x000002c99b423800 nmethod 12499 0x000002c985a28990 code [0x000002c985a28b60, 0x000002c985a28e48]
Event: 51.982 Thread 0x000002c99b423800 12500       2       org.gradle.internal.execution.steps.IdentityCacheStep$$Lambda$956/0x0000000100ad9840::<init> (20 bytes)
Event: 51.982 Thread 0x000002c99b423800 nmethod 12500 0x000002c985a28f90 code [0x000002c985a29140, 0x000002c985a29358]
Event: 51.982 Thread 0x000002c99b423800 12501       1       org.gradle.cache.internal.btree.FreeListBlockStore$FreeListBlock::getType (3 bytes)
Event: 51.982 Thread 0x000002c99b423800 nmethod 12501 0x000002c98bcd5d10 code [0x000002c98bcd5ec0, 0x000002c98bcd5f78]
Event: 51.982 Thread 0x000002c99b423800 12502       2       org.gradle.cache.internal.btree.FreeListBlockStore$FreeListBlock::write (84 bytes)
Event: 51.983 Thread 0x000002c99b423800 nmethod 12502 0x000002c985a29410 code [0x000002c985a29640, 0x000002c985a29968]
Event: 51.983 Thread 0x000002c99b423800 12503       2       org.gradle.internal.execution.steps.LoadExecutionStateStep$1::<init> (20 bytes)
Event: 51.983 Thread 0x000002c99b423800 nmethod 12503 0x000002c985a29c10 code [0x000002c985a29dc0, 0x000002c985a29fd8]
Event: 51.983 Thread 0x000002c99b423800 12504       2       org.gradle.internal.execution.steps.SkipEmptyWorkStep::execute (67 bytes)
Event: 51.984 Thread 0x000002c99b423800 nmethod 12504 0x000002c985a2a090 code [0x000002c985a2a300, 0x000002c985a2acb8]
Event: 51.986 Thread 0x000002c99b423800 12505       2       com.google.common.reflect.TypeToken::isSubtypeOf (186 bytes)
Event: 51.987 Thread 0x000002c99b423800 nmethod 12505 0x000002c985a2b210 code [0x000002c985a2b500, 0x000002c985a2c0d8]
Event: 51.987 Thread 0x000002c99b423800 12506       2       com.google.common.reflect.TypeToken::isSubtypeOfParameterizedType (128 bytes)

GC Heap History (20 events):
Event: 19.977 GC heap before
{Heap before GC invocations=12 (full 0):
 garbage-first heap   total 194560K, used 131520K [0x0000000080000000, 0x0000000100000000)
  region size 1024K, 88 young (90112K), 10 survivors (10240K)
 Metaspace       used 72250K, capacity 74016K, committed 74060K, reserved 1114112K
  class space    used 9403K, capacity 10019K, committed 10060K, reserved 1048576K
}
Event: 19.986 GC heap after
{Heap after GC invocations=13 (full 0):
 garbage-first heap   total 194560K, used 56722K [0x0000000080000000, 0x0000000100000000)
  region size 1024K, 6 young (6144K), 6 survivors (6144K)
 Metaspace       used 72250K, capacity 74016K, committed 74060K, reserved 1114112K
  class space    used 9403K, capacity 10019K, committed 10060K, reserved 1048576K
}
Event: 21.328 GC heap before
{Heap before GC invocations=13 (full 0):
 garbage-first heap   total 194560K, used 136594K [0x0000000080000000, 0x0000000100000000)
  region size 1024K, 85 young (87040K), 6 survivors (6144K)
 Metaspace       used 79619K, capacity 81844K, committed 81996K, reserved 1120256K
  class space    used 10464K, capacity 11274K, committed 11340K, reserved 1048576K
}
Event: 21.337 GC heap after
{Heap after GC invocations=14 (full 0):
 garbage-first heap   total 194560K, used 61718K [0x0000000080000000, 0x0000000100000000)
  region size 1024K, 11 young (11264K), 11 survivors (11264K)
 Metaspace       used 79619K, capacity 81844K, committed 81996K, reserved 1120256K
  class space    used 10464K, capacity 11274K, committed 11340K, reserved 1048576K
}
Event: 26.009 GC heap before
{Heap before GC invocations=14 (full 0):
 garbage-first heap   total 194560K, used 141590K [0x0000000080000000, 0x0000000100000000)
  region size 1024K, 90 young (92160K), 11 survivors (11264K)
 Metaspace       used 81344K, capacity 83679K, committed 83916K, reserved 1122304K
  class space    used 10589K, capacity 11436K, committed 11468K, reserved 1048576K
}
Event: 26.021 GC heap after
{Heap after GC invocations=15 (full 0):
 garbage-first heap   total 194560K, used 70182K [0x0000000080000000, 0x0000000100000000)
  region size 1024K, 12 young (12288K), 12 survivors (12288K)
 Metaspace       used 81344K, capacity 83679K, committed 83916K, reserved 1122304K
  class space    used 10589K, capacity 11436K, committed 11468K, reserved 1048576K
}
Event: 32.586 GC heap before
{Heap before GC invocations=15 (full 0):
 garbage-first heap   total 194560K, used 156198K [0x0000000080000000, 0x0000000100000000)
  region size 1024K, 86 young (88064K), 12 survivors (12288K)
 Metaspace       used 82227K, capacity 84559K, committed 84812K, reserved 1122304K
  class space    used 10666K, capacity 11494K, committed 11596K, reserved 1048576K
}
Event: 32.604 GC heap after
{Heap after GC invocations=16 (full 0):
 garbage-first heap   total 194560K, used 87528K [0x0000000080000000, 0x0000000100000000)
  region size 1024K, 11 young (11264K), 11 survivors (11264K)
 Metaspace       used 82227K, capacity 84559K, committed 84812K, reserved 1122304K
  class space    used 10666K, capacity 11494K, committed 11596K, reserved 1048576K
}
Event: 41.868 GC heap before
{Heap before GC invocations=16 (full 0):
 garbage-first heap   total 194560K, used 148968K [0x0000000080000000, 0x0000000100000000)
  region size 1024K, 71 young (72704K), 11 survivors (11264K)
 Metaspace       used 82303K, capacity 84628K, committed 84812K, reserved 1122304K
  class space    used 10672K, capacity 11495K, committed 11596K, reserved 1048576K
}
Event: 41.876 GC heap after
{Heap after GC invocations=17 (full 0):
 garbage-first heap   total 194560K, used 91406K [0x0000000080000000, 0x0000000100000000)
  region size 1024K, 3 young (3072K), 3 survivors (3072K)
 Metaspace       used 82303K, capacity 84628K, committed 84812K, reserved 1122304K
  class space    used 10672K, capacity 11495K, committed 11596K, reserved 1048576K
}
Event: 42.838 GC heap before
{Heap before GC invocations=17 (full 0):
 garbage-first heap   total 194560K, used 104718K [0x0000000080000000, 0x0000000100000000)
  region size 1024K, 18 young (18432K), 3 survivors (3072K)
 Metaspace       used 82325K, capacity 84634K, committed 84812K, reserved 1122304K
  class space    used 10675K, capacity 11497K, committed 11596K, reserved 1048576K
}
Event: 42.844 GC heap after
{Heap after GC invocations=18 (full 0):
 garbage-first heap   total 194560K, used 95224K [0x0000000080000000, 0x0000000100000000)
  region size 1024K, 6 young (6144K), 6 survivors (6144K)
 Metaspace       used 82325K, capacity 84634K, committed 84812K, reserved 1122304K
  class space    used 10675K, capacity 11497K, committed 11596K, reserved 1048576K
}
Event: 46.856 GC heap before
{Heap before GC invocations=19 (full 0):
 garbage-first heap   total 194560K, used 165880K [0x0000000080000000, 0x0000000100000000)
  region size 1024K, 61 young (62464K), 6 survivors (6144K)
 Metaspace       used 86080K, capacity 88244K, committed 88652K, reserved 1126400K
  class space    used 10902K, capacity 11691K, committed 11852K, reserved 1048576K
}
Event: 46.864 GC heap after
{Heap after GC invocations=20 (full 0):
 garbage-first heap   total 194560K, used 98452K [0x0000000080000000, 0x0000000100000000)
  region size 1024K, 8 young (8192K), 8 survivors (8192K)
 Metaspace       used 86080K, capacity 88244K, committed 88652K, reserved 1126400K
  class space    used 10902K, capacity 11691K, committed 11852K, reserved 1048576K
}
Event: 48.001 GC heap before
{Heap before GC invocations=20 (full 0):
 garbage-first heap   total 194560K, used 152724K [0x0000000080000000, 0x0000000100000000)
  region size 1024K, 61 young (62464K), 8 survivors (8192K)
 Metaspace       used 86527K, capacity 88637K, committed 89164K, reserved 1126400K
  class space    used 10922K, capacity 11691K, committed 11852K, reserved 1048576K
}
Event: 48.007 GC heap after
{Heap after GC invocations=21 (full 0):
 garbage-first heap   total 194560K, used 96901K [0x0000000080000000, 0x0000000100000000)
  region size 1024K, 2 young (2048K), 2 survivors (2048K)
 Metaspace       used 86527K, capacity 88637K, committed 89164K, reserved 1126400K
  class space    used 10922K, capacity 11691K, committed 11852K, reserved 1048576K
}
Event: 51.311 GC heap before
{Heap before GC invocations=22 (full 0):
 garbage-first heap   total 194560K, used 146053K [0x0000000080000000, 0x0000000100000000)
  region size 1024K, 58 young (59392K), 2 survivors (2048K)
 Metaspace       used 89076K, capacity 91282K, committed 91852K, reserved 1128448K
  class space    used 11194K, capacity 11993K, committed 12236K, reserved 1048576K
}
Event: 51.314 GC heap after
{Heap after GC invocations=23 (full 0):
 garbage-first heap   total 194560K, used 88419K [0x0000000080000000, 0x0000000100000000)
  region size 1024K, 2 young (2048K), 2 survivors (2048K)
 Metaspace       used 89076K, capacity 91282K, committed 91852K, reserved 1128448K
  class space    used 11194K, capacity 11993K, committed 12236K, reserved 1048576K
}
Event: 51.389 GC heap before
{Heap before GC invocations=23 (full 0):
 garbage-first heap   total 194560K, used 95587K [0x0000000080000000, 0x0000000100000000)
  region size 1024K, 9 young (9216K), 2 survivors (2048K)
 Metaspace       used 89549K, capacity 91794K, committed 92364K, reserved 1130496K
  class space    used 11259K, capacity 12057K, committed 12236K, reserved 1048576K
}
Event: 51.391 GC heap after
{Heap after GC invocations=24 (full 0):
 garbage-first heap   total 194560K, used 76490K [0x0000000080000000, 0x0000000100000000)
  region size 1024K, 1 young (1024K), 1 survivors (1024K)
 Metaspace       used 89549K, capacity 91794K, committed 92364K, reserved 1130496K
  class space    used 11259K, capacity 12057K, committed 12236K, reserved 1048576K
}

Deoptimization events (20 events):
Event: 51.935 Thread 0x000002c99d022800 Uncommon trap: trap_request=0xffffff4d fr.pc=0x000002c98b774bc0 relative=0x00000000000000a0
Event: 51.935 Thread 0x000002c99d022800 Uncommon trap: reason=unstable_if action=reinterpret pc=0x000002c98b774bc0 method=java.lang.Integer.stringSize(I)I @ 3 c2
Event: 51.935 Thread 0x000002c99d022800 DEOPT PACKING pc=0x000002c98b774bc0 sp=0x000000d7759f7550
Event: 51.935 Thread 0x000002c99d022800 DEOPT UNPACKING pc=0x000002c983a578af sp=0x000000d7759f74d8 mode 2
Event: 51.935 Thread 0x000002c99d022800 Uncommon trap: trap_request=0xffffff4d fr.pc=0x000002c98bb02830 relative=0x0000000000000270
Event: 51.935 Thread 0x000002c99d022800 Uncommon trap: reason=unstable_if action=reinterpret pc=0x000002c98bb02830 method=java.lang.Integer.getChars(II[B)I @ 4 c2
Event: 51.935 Thread 0x000002c99d022800 DEOPT PACKING pc=0x000002c98bb02830 sp=0x000000d7759f7530
Event: 51.935 Thread 0x000002c99d022800 DEOPT UNPACKING pc=0x000002c983a578af sp=0x000000d7759f74c0 mode 2
Event: 51.941 Thread 0x000002c9a1365000 Uncommon trap: trap_request=0xffffffde fr.pc=0x000002c98baec548 relative=0x0000000000000108
Event: 51.941 Thread 0x000002c9a1365000 Uncommon trap: reason=class_check action=maybe_recompile pc=0x000002c98baec548 method=org.apache.xerces.dom.ElementImpl.getTagName()Ljava/lang/String; @ 8 c2
Event: 51.941 Thread 0x000002c9a1365000 DEOPT PACKING pc=0x000002c98baec548 sp=0x000000d7793fde10
Event: 51.941 Thread 0x000002c9a1365000 DEOPT UNPACKING pc=0x000002c983a578af sp=0x000000d7793fddd0 mode 2
Event: 51.941 Thread 0x000002c9a1365000 Uncommon trap: trap_request=0xffffff4d fr.pc=0x000002c98bab3e88 relative=0x00000000000004c8
Event: 51.941 Thread 0x000002c9a1365000 Uncommon trap: reason=unstable_if action=reinterpret pc=0x000002c98bab3e88 method=org.apache.xerces.dom.ParentNode.nodeListItem(I)Lorg/w3c/dom/Node; @ 26 c2
Event: 51.941 Thread 0x000002c9a1365000 DEOPT PACKING pc=0x000002c98bab3e88 sp=0x000000d7793fe050
Event: 51.941 Thread 0x000002c9a1365000 DEOPT UNPACKING pc=0x000002c983a578af sp=0x000000d7793fdf98 mode 2
Event: 51.941 Thread 0x000002c9a1365000 Uncommon trap: trap_request=0xffffff4d fr.pc=0x000002c98bab3428 relative=0x00000000000004e8
Event: 51.941 Thread 0x000002c9a1365000 Uncommon trap: reason=unstable_if action=reinterpret pc=0x000002c98bab3428 method=org.apache.xerces.dom.ParentNode.nodeListItem(I)Lorg/w3c/dom/Node; @ 26 c2
Event: 51.942 Thread 0x000002c9a1365000 DEOPT PACKING pc=0x000002c98bab3428 sp=0x000000d7793fe070
Event: 51.942 Thread 0x000002c9a1365000 DEOPT UNPACKING pc=0x000002c983a578af sp=0x000000d7793fe020 mode 2

Classes redefined (0 events):
No events

Internal exceptions (20 events):
Event: 27.395 Thread 0x000002c9a13e1000 Exception <a 'java/lang/NoSuchMethodError'{0x0000000088e44220}: <clinit>> (0x0000000088e44220) thrown at [./src/hotspot/share/prims/jni.cpp, line 1362]
Event: 27.397 Thread 0x000002c9a13e1000 Exception <a 'java/lang/NoSuchMethodError'{0x0000000088e6a118}: <clinit>> (0x0000000088e6a118) thrown at [./src/hotspot/share/prims/jni.cpp, line 1362]
Event: 27.402 Thread 0x000002c9a13e1000 Exception <a 'java/lang/NoSuchMethodError'{0x0000000088e8f478}: <clinit>> (0x0000000088e8f478) thrown at [./src/hotspot/share/prims/jni.cpp, line 1362]
Event: 27.403 Thread 0x000002c9a13e1000 Exception <a 'java/lang/NoSuchMethodError'{0x0000000088ea3a50}: <clinit>> (0x0000000088ea3a50) thrown at [./src/hotspot/share/prims/jni.cpp, line 1362]
Event: 42.833 Thread 0x000002c9a13e1000 Implicit null exception at 0x000002c98bad1c7e to 0x000002c98bad767c
Event: 42.833 Thread 0x000002c9a13e1000 Implicit null exception at 0x000002c98bad1c7e to 0x000002c98bad767c
Event: 42.864 Thread 0x000002c9a13e1000 Implicit null exception at 0x000002c98bad1c7e to 0x000002c98bad767c
Event: 43.584 Thread 0x000002c9a13e1000 Exception <a 'java/lang/NoSuchMethodError'{0x000000008baaa650}: <clinit>> (0x000000008baaa650) thrown at [./src/hotspot/share/prims/jni.cpp, line 1362]
Event: 45.938 Thread 0x000002c9a13e3800 Implicit null exception at 0x000002c98bb96aef to 0x000002c98bb975cc
Event: 45.938 Thread 0x000002c9a13e3800 Implicit null exception at 0x000002c98bb96aef to 0x000002c98bb975cc
Event: 45.938 Thread 0x000002c9a13e3800 Implicit null exception at 0x000002c98bb96aef to 0x000002c98bb975cc
Event: 45.938 Thread 0x000002c9a13e3800 Implicit null exception at 0x000002c98bb96aef to 0x000002c98bb975cc
Event: 50.381 Thread 0x000002c99d022800 Exception <a 'sun/nio/fs/WindowsException'{0x0000000089c6f490}> (0x0000000089c6f490) thrown at [./src/hotspot/share/prims/jni.cpp, line 615]
Event: 50.381 Thread 0x000002c99d022800 Exception <a 'sun/nio/fs/WindowsException'{0x0000000089c70b58}> (0x0000000089c70b58) thrown at [./src/hotspot/share/prims/jni.cpp, line 615]
Event: 50.381 Thread 0x000002c99d022800 Exception <a 'sun/nio/fs/WindowsException'{0x0000000089c70e60}> (0x0000000089c70e60) thrown at [./src/hotspot/share/prims/jni.cpp, line 615]
Event: 50.382 Thread 0x000002c99d022800 Exception <a 'sun/nio/fs/WindowsException'{0x0000000089c724f0}> (0x0000000089c724f0) thrown at [./src/hotspot/share/prims/jni.cpp, line 615]
Event: 50.382 Thread 0x000002c99d022800 Exception <a 'sun/nio/fs/WindowsException'{0x0000000089c727d0}> (0x0000000089c727d0) thrown at [./src/hotspot/share/prims/jni.cpp, line 615]
Event: 50.382 Thread 0x000002c99d022800 Exception <a 'sun/nio/fs/WindowsException'{0x0000000089c73e48}> (0x0000000089c73e48) thrown at [./src/hotspot/share/prims/jni.cpp, line 615]
Event: 50.547 Thread 0x000002c99d022800 Implicit null exception at 0x000002c98ba8075f to 0x000002c98ba808a8
Event: 51.066 Thread 0x000002c99d022800 Implicit null exception at 0x000002c98b889414 to 0x000002c98b8899d8

Events (20 events):
Event: 51.954 loading class org/gradle/api/internal/file/collections/DefaultDirectoryWalker$PathVisitor
Event: 51.954 loading class org/gradle/api/internal/file/collections/DefaultDirectoryWalker$PathVisitor done
Event: 51.954 loading class java/nio/file/FileTreeWalker$1
Event: 51.954 loading class java/nio/file/FileTreeWalker$1 done
Event: 51.955 loading class org/gradle/api/internal/file/DefaultFileVisitDetails
Event: 51.955 loading class org/gradle/api/internal/file/DefaultFileVisitDetails done
Event: 51.955 loading class org/gradle/api/internal/file/DefaultFileTreeElement
Event: 51.955 loading class org/gradle/api/internal/file/DefaultFileTreeElement done
Event: 51.955 loading class org/gradle/api/internal/file/AbstractFileTreeElement
Event: 51.955 loading class org/gradle/api/internal/file/AbstractFileTreeElement done
Event: 51.956 loading class org/gradle/api/internal/file/AbstractFileTreeElement$CopyFileElementException
Event: 51.956 loading class org/gradle/api/internal/file/AbstractFileTreeElement$CopyFileElementException done
Event: 51.969 Executing VM operation: RevokeBias
Event: 51.970 Executing VM operation: RevokeBias done
Event: 51.971 Executing VM operation: RevokeBias
Event: 51.971 Executing VM operation: RevokeBias done
Event: 51.972 Executing VM operation: RevokeBias
Event: 51.972 Executing VM operation: RevokeBias done
Event: 51.977 Executing VM operation: RevokeBias
Event: 51.977 Executing VM operation: RevokeBias done


Dynamic libraries:
0x00007ff7e1460000 - 0x00007ff7e146a000 	C:\Program Files\Android\Android Studio\jre\bin\java.exe
0x00007ffdc7b90000 - 0x00007ffdc7d85000 	C:\WINDOWS\SYSTEM32\ntdll.dll
0x00007ffdc6430000 - 0x00007ffdc64ee000 	C:\WINDOWS\System32\KERNEL32.DLL
0x00007ffdc5360000 - 0x00007ffdc5629000 	C:\WINDOWS\System32\KERNELBASE.dll
0x00007ffdc5a00000 - 0x00007ffdc5b00000 	C:\WINDOWS\System32\ucrtbase.dll
0x00007ffdb64c0000 - 0x00007ffdb64d7000 	C:\Program Files\Android\Android Studio\jre\bin\VCRUNTIME140.dll
0x00007ffdb2640000 - 0x00007ffdb2659000 	C:\Program Files\Android\Android Studio\jre\bin\jli.dll
0x00007ffdc79a0000 - 0x00007ffdc7b41000 	C:\WINDOWS\System32\USER32.dll
0x00007ffdc5b00000 - 0x00007ffdc5b22000 	C:\WINDOWS\System32\win32u.dll
0x00007ffdb3a80000 - 0x00007ffdb3d1a000 	C:\WINDOWS\WinSxS\amd64_microsoft.windows.common-controls_6595b64144ccf1df_6.0.19041.1110_none_60b5254171f9507e\COMCTL32.dll
0x00007ffdc6290000 - 0x00007ffdc62bb000 	C:\WINDOWS\System32\GDI32.dll
0x00007ffdc5790000 - 0x00007ffdc589b000 	C:\WINDOWS\System32\gdi32full.dll
0x00007ffdc6390000 - 0x00007ffdc642e000 	C:\WINDOWS\System32\msvcrt.dll
0x00007ffdc5930000 - 0x00007ffdc59cd000 	C:\WINDOWS\System32\msvcp_win.dll
0x00007ffdc7120000 - 0x00007ffdc7150000 	C:\WINDOWS\System32\IMM32.DLL
0x00007ffda5bb0000 - 0x00007ffda5c4d000 	C:\Program Files\Android\Android Studio\jre\bin\msvcp140.dll
0x00007ffd58900000 - 0x00007ffd593cf000 	C:\Program Files\Android\Android Studio\jre\bin\server\jvm.dll
0x00007ffdc66a0000 - 0x00007ffdc674c000 	C:\WINDOWS\System32\ADVAPI32.dll
0x00007ffdc7020000 - 0x00007ffdc70bb000 	C:\WINDOWS\System32\sechost.dll
0x00007ffdc5be0000 - 0x00007ffdc5d0a000 	C:\WINDOWS\System32\RPCRT4.dll
0x00007ffdc5df0000 - 0x00007ffdc5df8000 	C:\WINDOWS\System32\PSAPI.DLL
0x00007ffdb64b0000 - 0x00007ffdb64b9000 	C:\WINDOWS\SYSTEM32\WSOCK32.dll
0x00007ffdb8b30000 - 0x00007ffdb8b57000 	C:\WINDOWS\SYSTEM32\WINMM.dll
0x00007ffdc4100000 - 0x00007ffdc410a000 	C:\WINDOWS\SYSTEM32\VERSION.dll
0x00007ffdc64f0000 - 0x00007ffdc655b000 	C:\WINDOWS\System32\ws2_32.DLL
0x00007ffdc40c0000 - 0x00007ffdc40d2000 	C:\WINDOWS\SYSTEM32\kernel.appcore.dll
0x00007ffdb9be0000 - 0x00007ffdb9bf1000 	C:\Program Files\Android\Android Studio\jre\bin\verify.dll
0x00007ffdbdb70000 - 0x00007ffdbdd54000 	C:\WINDOWS\SYSTEM32\DBGHELP.DLL
0x00007ffdbd180000 - 0x00007ffdbd1ac000 	C:\WINDOWS\SYSTEM32\dbgcore.DLL
0x00007ffdc58a0000 - 0x00007ffdc5923000 	C:\WINDOWS\System32\bcryptPrimitives.dll
0x00007ffdb8e30000 - 0x00007ffdb8e59000 	C:\Program Files\Android\Android Studio\jre\bin\java.dll
0x00007ffdb9d50000 - 0x00007ffdb9d5b000 	C:\Program Files\Android\Android Studio\jre\bin\jimage.dll
0x00007ffdb7690000 - 0x00007ffdb76a8000 	C:\Program Files\Android\Android Studio\jre\bin\zip.dll
0x00007ffdc68e0000 - 0x00007ffdc701f000 	C:\WINDOWS\System32\SHELL32.dll
0x00007ffdc3930000 - 0x00007ffdc40c0000 	C:\WINDOWS\SYSTEM32\windows.storage.dll
0x00007ffdc5e80000 - 0x00007ffdc61d5000 	C:\WINDOWS\System32\combase.dll
0x00007ffdc4d00000 - 0x00007ffdc4d2c000 	C:\WINDOWS\SYSTEM32\Wldp.dll
0x00007ffdc61e0000 - 0x00007ffdc628d000 	C:\WINDOWS\System32\SHCORE.dll
0x00007ffdc70c0000 - 0x00007ffdc7115000 	C:\WINDOWS\System32\shlwapi.dll
0x00007ffdc51f0000 - 0x00007ffdc520f000 	C:\WINDOWS\SYSTEM32\profapi.dll
0x00007ffdb7360000 - 0x00007ffdb737a000 	C:\Program Files\Android\Android Studio\jre\bin\net.dll
0x00007ffdbb4f0000 - 0x00007ffdbb5f8000 	C:\WINDOWS\SYSTEM32\WINHTTP.dll
0x00007ffdc4a60000 - 0x00007ffdc4aca000 	C:\WINDOWS\system32\mswsock.dll
0x00007ffdb6f40000 - 0x00007ffdb6f54000 	C:\Program Files\Android\Android Studio\jre\bin\nio.dll
0x00007ffdb9c20000 - 0x00007ffdb9c47000 	C:\Users\Jordan2\.gradle\native\8bec1ad78214c89d9ad589b4d07fe93259594b29d510b10fafb7a158f7737e5d\windows-amd64\native-platform.dll
0x00007ffd8ddd0000 - 0x00007ffd8df0d000 	C:\Users\Jordan2\.gradle\native\53dbd7edfb1c66fb8903c78663c9afc45aea4f116125fa6feffd364cf09443e8\windows-amd64\native-platform-file-events.dll
0x00007ffdb9bb0000 - 0x00007ffdb9bba000 	C:\Program Files\Android\Android Studio\jre\bin\management.dll
0x00007ffdb9b70000 - 0x00007ffdb9b7c000 	C:\Program Files\Android\Android Studio\jre\bin\management_ext.dll
0x00007ffdc4c60000 - 0x00007ffdc4c78000 	C:\WINDOWS\SYSTEM32\CRYPTSP.dll
0x00007ffdc4370000 - 0x00007ffdc43a4000 	C:\WINDOWS\system32\rsaenh.dll
0x00007ffdc59d0000 - 0x00007ffdc59f7000 	C:\WINDOWS\System32\bcrypt.dll
0x00007ffdc51b0000 - 0x00007ffdc51de000 	C:\WINDOWS\SYSTEM32\USERENV.dll
0x00007ffdc4c50000 - 0x00007ffdc4c5c000 	C:\WINDOWS\SYSTEM32\CRYPTBASE.dll
0x00007ffdc4700000 - 0x00007ffdc473b000 	C:\WINDOWS\SYSTEM32\IPHLPAPI.DLL
0x00007ffdc68d0000 - 0x00007ffdc68d8000 	C:\WINDOWS\System32\NSI.dll
0x00007ffdbd160000 - 0x00007ffdbd177000 	C:\WINDOWS\SYSTEM32\dhcpcsvc6.DLL
0x00007ffdbe170000 - 0x00007ffdbe18d000 	C:\WINDOWS\SYSTEM32\dhcpcsvc.DLL
0x00007ffdc4750000 - 0x00007ffdc481c000 	C:\WINDOWS\SYSTEM32\DNSAPI.dll

dbghelp: loaded successfully - version: 4.0.5 - missing functions: none
symbol engine: initialized successfully - sym options: 0x614 - pdb path: .;C:\Program Files\Android\Android Studio\jre\bin;C:\WINDOWS\SYSTEM32;C:\WINDOWS\WinSxS\amd64_microsoft.windows.common-controls_6595b64144ccf1df_6.0.19041.1110_none_60b5254171f9507e;C:\Program Files\Android\Android Studio\jre\bin\server;C:\Users\Jordan2\.gradle\native\8bec1ad78214c89d9ad589b4d07fe93259594b29d510b10fafb7a158f7737e5d\windows-amd64;C:\Users\Jordan2\.gradle\native\53dbd7edfb1c66fb8903c78663c9afc45aea4f116125fa6feffd364cf09443e8\windows-amd64

VM Arguments:
jvm_args: --add-opens=java.base/java.util=ALL-UNNAMED --add-opens=java.base/java.lang=ALL-UNNAMED --add-opens=java.base/java.lang.invoke=ALL-UNNAMED --add-opens=java.base/java.util=ALL-UNNAMED --add-opens=java.prefs/java.util.prefs=ALL-UNNAMED --add-opens=java.prefs/java.util.prefs=ALL-UNNAMED --add-opens=java.base/java.nio.charset=ALL-UNNAMED --add-opens=java.base/java.net=ALL-UNNAMED --add-opens=java.base/java.util.concurrent.atomic=ALL-UNNAMED -Xmx2048m -Dfile.encoding=UTF-8 -Duser.country=CA -Duser.language=en -Duser.variant 
java_command: org.gradle.launcher.daemon.bootstrap.GradleDaemon 7.0.2
java_class_path (initial): C:\Users\Jordan2\.gradle\wrapper\dists\gradle-7.0.2-bin\857tjihv64xamwrf0h14cai3r\gradle-7.0.2\lib\gradle-launcher-7.0.2.jar
Launcher Type: SUN_STANDARD

[Global flags]
     intx CICompilerCount                          = 4                                         {product} {ergonomic}
     uint ConcGCThreads                            = 2                                         {product} {ergonomic}
     uint G1ConcRefinementThreads                  = 8                                         {product} {ergonomic}
   size_t G1HeapRegionSize                         = 1048576                                   {product} {ergonomic}
    uintx GCDrainStackTargetSize                   = 64                                        {product} {ergonomic}
   size_t InitialHeapSize                          = 199229440                                 {product} {ergonomic}
   size_t MarkStackSize                            = 4194304                                   {product} {ergonomic}
   size_t MaxHeapSize                              = 2147483648                                {product} {command line}
   size_t MaxNewSize                               = 1287651328                                {product} {ergonomic}
   size_t MinHeapDeltaBytes                        = 1048576                                   {product} {ergonomic}
    uintx NonNMethodCodeHeapSize                   = 5836300                                {pd product} {ergonomic}
    uintx NonProfiledCodeHeapSize                  = 122910970                              {pd product} {ergonomic}
    uintx ProfiledCodeHeapSize                     = 122910970                              {pd product} {ergonomic}
    uintx ReservedCodeCacheSize                    = 251658240                              {pd product} {ergonomic}
     bool SegmentedCodeCache                       = true                                      {product} {ergonomic}
     bool UseCompressedClassPointers               = true                                 {lp64_product} {ergonomic}
     bool UseCompressedOops                        = true                                 {lp64_product} {ergonomic}
     bool UseG1GC                                  = true                                      {product} {ergonomic}
     bool UseLargePagesIndividualAllocation        = false                                  {pd product} {ergonomic}

Logging:
Log output configuration:
 #0: stdout all=warning uptime,level,tags
 #1: stderr all=off uptime,level,tags

Environment Variables:
PATH=C:\Program Files\Common Files\Oracle\Java\javapath;C:\Program Files (x86)\Intel\Intel(R) Management Engine Components\iCLS\;C:\Program Files\Intel\Intel(R) Management Engine Components\iCLS\;C:\Windows\system32;C:\Windows;C:\Windows\System32\Wbem;C:\Windows\System32\WindowsPowerShell\v1.0\;C:\Program Files (x86)\Intel\Intel(R) Management Engine Components\DAL;C:\Program Files\Intel\Intel(R) Management Engine Components\DAL;C:\Program Files (x86)\Intel\Intel(R) Management Engine Components\IPT;C:\Program Files\Intel\Intel(R) Management Engine Components\IPT;C:\Program Files (x86)\NVIDIA Corporation\PhysX\Common;C:\Program Files\Intel\WiFi\bin\;C:\Program Files\Common Files\Intel\WirelessCommon\;C:\WINDOWS\system32;C:\WINDOWS;C:\WINDOWS\System32\Wbem;C:\WINDOWS\System32\WindowsPowerShell\v1.0\;C:\WINDOWS\System32\OpenSSH\;C:\Program Files\Git\cmd;C:\Users\Jordan2\AppData\Local\Microsoft\WindowsApps;C:\Users\Jordan2\AppData\Local\GitHubDesktop\bin
USERNAME=Jordan2
OS=Windows_NT
PROCESSOR_IDENTIFIER=Intel64 Family 6 Model 158 Stepping 10, GenuineIntel



---------------  S Y S T E M  ---------------

OS: Windows 10 , 64 bit Build 19041 (10.0.19041.1202)
OS uptime: 21 days 17:22 hours

CPU:total 8 (initial active 8) (4 cores per cpu, 2 threads per core) family 6 model 158 stepping 10 microcode 0xb4, cmov, cx8, fxsr, mmx, sse, sse2, sse3, ssse3, sse4.1, sse4.2, popcnt, avx, avx2, aes, clmul, erms, 3dnowpref, lzcnt, ht, tsc, tscinvbit, bmi1, bmi2, adx, fma

Memory: 4k page, system-wide physical 12128M (250M free)
TotalPageFile size 27247M (AvailPageFile size 3M)
current process WorkingSet (physical memory assigned to process): 449M, peak: 450M
current process commit charge ("private bytes"): 484M, peak: 486M

vm_info: OpenJDK 64-Bit Server VM (11.0.10+0-b96-7249189) for windows-amd64 JRE (11.0.10+0-b96-7249189), built on Mar 31 2021 21:44:00 by "builder" with MS VC++ 14.0 (VS2015)

END.
